<?xml version="1.0" encoding="UTF-8"?>
<!-- Generated by org.testng.reporters.JUnitReportReporter -->
<testsuite hostname="DESKTOP-FHMK7OU" failures="0" tests="1" name="com.java.scripts.Configuration" time="5.268" errors="0" timestamp="2021-09-04T14:28:58 IST" skipped="0">
  <testcase classname="com.java.scripts.Configuration" name="launchApplication" time="5.268"/>
  <system-out/>
</testsuite> <!-- com.java.scripts.Configuration -->
