<?xml version="1.0" encoding="UTF-8"?>
<!-- Generated by org.testng.reporters.JUnitReportReporter -->
<testsuite hostname="DESKTOP-FHMK7OU" failures="0" tests="1" name="com.java.tests.LoginPage" time="0.009" errors="0" timestamp="2021-09-04T18:25:00 IST" skipped="0">
  <testcase classname="com.java.tests.LoginPage" name="LoginIntoApplication" time="0.009"/>
  <system-out/>
</testsuite> <!-- com.java.tests.LoginPage -->
